c:\users\tommy\onedrive\my saved files\vs c++\window apps\elementary_arithmetic_excercises_generator\x64\release\vc142.pdb
c:\users\tommy\onedrive\my saved files\vs c++\window apps\elementary_arithmetic_excercises_generator\x64\release\.netframework,version=v4.7.2.assemblyattributes.obj
c:\users\tommy\onedrive\my saved files\vs c++\window apps\elementary_arithmetic_excercises_generator\x64\release\myform.obj
c:\users\tommy\onedrive\my saved files\vs c++\window apps\elementary_arithmetic_excercises_generator\x64\release\windowsform07062021.myform.resources
c:\users\tommy\onedrive\my saved files\vs c++\window apps\elementary_arithmetic_excercises_generator\x64\release\elementary arithmetic excercise generator.exe
c:\users\tommy\onedrive\my saved files\vs c++\window apps\elementary_arithmetic_excercises_generator\x64\release\elementary arithmetic excercise generator.pdb
c:\users\tommy\onedrive\my saved files\vs c++\window apps\elementary_arithmetic_excercises_generator\x64\release\elementary arithmetic excercise generator2.res
c:\users\tommy\onedrive\my saved files\vs c++\window apps\elementary_arithmetic_excercises_generator\x64\release\elementary arithmetic excercise generator.exe.metagen
c:\users\tommy\onedrive\my saved files\vs c++\window apps\elementary_arithmetic_excercises_generator\x64\release\elementa.61bb9b03.tlog\cl.command.1.tlog
c:\users\tommy\onedrive\my saved files\vs c++\window apps\elementary_arithmetic_excercises_generator\x64\release\elementa.61bb9b03.tlog\cl.read.1.tlog
c:\users\tommy\onedrive\my saved files\vs c++\window apps\elementary_arithmetic_excercises_generator\x64\release\elementa.61bb9b03.tlog\cl.write.1.tlog
c:\users\tommy\onedrive\my saved files\vs c++\window apps\elementary_arithmetic_excercises_generator\x64\release\elementa.61bb9b03.tlog\elementary arithmetic excercise generator.write.1u.tlog
c:\users\tommy\onedrive\my saved files\vs c++\window apps\elementary_arithmetic_excercises_generator\x64\release\elementa.61bb9b03.tlog\link.command.1.tlog
c:\users\tommy\onedrive\my saved files\vs c++\window apps\elementary_arithmetic_excercises_generator\x64\release\elementa.61bb9b03.tlog\link.read.1.tlog
c:\users\tommy\onedrive\my saved files\vs c++\window apps\elementary_arithmetic_excercises_generator\x64\release\elementa.61bb9b03.tlog\link.write.1.tlog
c:\users\tommy\onedrive\my saved files\vs c++\window apps\elementary_arithmetic_excercises_generator\x64\release\elementa.61bb9b03.tlog\metagen.read.1.tlog
c:\users\tommy\onedrive\my saved files\vs c++\window apps\elementary_arithmetic_excercises_generator\x64\release\elementa.61bb9b03.tlog\metagen.write.1.tlog
c:\users\tommy\onedrive\my saved files\vs c++\window apps\elementary_arithmetic_excercises_generator\x64\release\elementa.61bb9b03.tlog\rc.command.1.tlog
c:\users\tommy\onedrive\my saved files\vs c++\window apps\elementary_arithmetic_excercises_generator\x64\release\elementa.61bb9b03.tlog\rc.read.1.tlog
c:\users\tommy\onedrive\my saved files\vs c++\window apps\elementary_arithmetic_excercises_generator\x64\release\elementa.61bb9b03.tlog\rc.write.1.tlog
